Monkey Name: Bruno
DataDir: C:\Data\
DataFileName: m51c0936.smr
Eyecode: 2
Interoculardist (cm): 4.000000
LeftEye Offset X: 13.000000
LeftEye Scale X: 18.000000
LeftEye Offset Y: -1.000000
LeftEye Scale Y: -13.000000
RightEye Offset X: -16.000000
RightEye Scale X: 19.000000
RightEye Offset Y: 14.000000
RightEye Scale Y: -16.000000
Head Center X (cm): 0.000000
Head Center Y (cm): 0.200000
Head Center Z (cm): -1.700000
Eye Offset X (cm): 0.000000
Eye Offset Y (cm): 6.500000
Eye Offset Z (cm): 1.250000
LateralV Offset/Scale: -0.227420 80.000000
FireflyX Offset/Scale: -0.003101 -1000.000000
FireflyY Offset/Scale: -0.001383 1000.000000
MonkeyX Offset/Scale: -4.746894 1000.000000
MonkeyY Offset/Scale: 109.861593 1000.000000
AngularV Offset/Scale: -0.163148 58.000000
ForwardV Offset/Scale: -0.240653 80.000000
Inter-trial Interval (s): 0
Reward Duration (ms): 225
Distance Checking Interval (ms): 195
Screen Width (cm): 58.420000
Screen Height (cm): 58.420000
Floor Origin X (cm): 0.000000
Floor Origin Y (cm): 0.000000
Floor Origin Z (cm): 10.000000
Floor Width/Diameter (cm): 5000.000000
Floor Depth (cm): 5000.000000
Floor Shape: 0
Floor Obj Draw Mode: 3
Floor Obj Size (cm): 0.850000 1.850000
Floor Density (obj/cm^2): 0.000500
Enable LifeTime: 1
Floor LifeTime (Frames): 10
Floor LifeTime Option: 0
Floor Raising Time: 3.000000
Floor Max Luminate: 1.000000
FireFly Number: 200
FireFly Radius (cm): 10.000000
FireFly Area Radius (cm): 1000.000000
FireFly Area Origin: 0.000000 0.000000
FireFly Mean OffTime (s): 3.000000
FireFly Mean OnTime (s): 0.300000
Random Mean OffTime: 0
Joy Stick Control Mode: 1
Joy Stick Coefficience: 0.000000
Joy Stick Max Velocity (cm/s): 200.000000
Joy Stick Max Angular Velocity (deg/s): 90.000000
Perturb Max Velocity (cm/s): 200.000000
Perturb Max Angular Velocity (deg/s): 200.000000
Shutter ON: 0
Shutter Inter-Raduis (cm): 200.000000
Shutter Thickness: 1000.000000
Firefly Counter Num# 0
Distance Checking Interval (ms): 240
Distance Checking Interval (ms): 205
Distance Checking Interval (ms): 316
Distance Checking Interval (ms): 348
Distance Checking Interval (ms): 104
Distance Checking Interval (ms): 274
Distance Checking Interval (ms): 366
Distance Checking Interval (ms): 369
Distance Checking Interval (ms): 138
Distance Checking Interval (ms): 111
Distance Checking Interval (ms): 313
Distance Checking Interval (ms): 244
Distance Checking Interval (ms): 228
Distance Checking Interval (ms): 456
Distance Checking Interval (ms): 150
Distance Checking Interval (ms): 304
Distance Checking Interval (ms): 102
Distance Checking Interval (ms): 308
Distance Checking Interval (ms): 286
Distance Checking Interval (ms): 429
Distance Checking Interval (ms): 291
Distance Checking Interval (ms): 105
Distance Checking Interval (ms): 334
Distance Checking Interval (ms): 140
Distance Checking Interval (ms): 283
Distance Checking Interval (ms): 175
Distance Checking Interval (ms): 352
Distance Checking Interval (ms): 236
Distance Checking Interval (ms): 414
Distance Checking Interval (ms): 124
Distance Checking Interval (ms): 154
Distance Checking Interval (ms): 160
Distance Checking Interval (ms): 492
Distance Checking Interval (ms): 218
Distance Checking Interval (ms): 401
Distance Checking Interval (ms): 342
Distance Checking Interval (ms): 141
Distance Checking Interval (ms): 253
Distance Checking Interval (ms): 240
Distance Checking Interval (ms): 133
Distance Checking Interval (ms): 543
Distance Checking Interval (ms): 463
Distance Checking Interval (ms): 282
Distance Checking Interval (ms): 239
Distance Checking Interval (ms): 426
Distance Checking Interval (ms): 349
Distance Checking Interval (ms): 135
Distance Checking Interval (ms): 171
Distance Checking Interval (ms): 181
Distance Checking Interval (ms): 237
Distance Checking Interval (ms): 389
Distance Checking Interval (ms): 122
Distance Checking Interval (ms): 135
Distance Checking Interval (ms): 237
Distance Checking Interval (ms): 303
Distance Checking Interval (ms): 124
Distance Checking Interval (ms): 341
Distance Checking Interval (ms): 412
Distance Checking Interval (ms): 217
Distance Checking Interval (ms): 227
Distance Checking Interval (ms): 134
Distance Checking Interval (ms): 107
Distance Checking Interval (ms): 466
Distance Checking Interval (ms): 539
Distance Checking Interval (ms): 397
Distance Checking Interval (ms): 272
Distance Checking Interval (ms): 377
Distance Checking Interval (ms): 114
Distance Checking Interval (ms): 102
Distance Checking Interval (ms): 164
Distance Checking Interval (ms): 198
Distance Checking Interval (ms): 290
Distance Checking Interval (ms): 395
Distance Checking Interval (ms): 102
Distance Checking Interval (ms): 434
Distance Checking Interval (ms): 229
Distance Checking Interval (ms): 121
Distance Checking Interval (ms): 116
Distance Checking Interval (ms): 200
Distance Checking Interval (ms): 318
Distance Checking Interval (ms): 205
Distance Checking Interval (ms): 207
Distance Checking Interval (ms): 144
Distance Checking Interval (ms): 211
Distance Checking Interval (ms): 143
Distance Checking Interval (ms): 181
Distance Checking Interval (ms): 134
Distance Checking Interval (ms): 404
Distance Checking Interval (ms): 238
Distance Checking Interval (ms): 156
Distance Checking Interval (ms): 573
Distance Checking Interval (ms): 154
Distance Checking Interval (ms): 200
Distance Checking Interval (ms): 137
Distance Checking Interval (ms): 105
Distance Checking Interval (ms): 291
Distance Checking Interval (ms): 200
Distance Checking Interval (ms): 144
Distance Checking Interval (ms): 147
Distance Checking Interval (ms): 296
Distance Checking Interval (ms): 500
Distance Checking Interval (ms): 145
Distance Checking Interval (ms): 388
Distance Checking Interval (ms): 369
Distance Checking Interval (ms): 181
Distance Checking Interval (ms): 112
Distance Checking Interval (ms): 598
Distance Checking Interval (ms): 488
Distance Checking Interval (ms): 132
Distance Checking Interval (ms): 143
Distance Checking Interval (ms): 135
Distance Checking Interval (ms): 241
Distance Checking Interval (ms): 174
Distance Checking Interval (ms): 149
Distance Checking Interval (ms): 516
Distance Checking Interval (ms): 376
Distance Checking Interval (ms): 184
Distance Checking Interval (ms): 189
Distance Checking Interval (ms): 179
Distance Checking Interval (ms): 152
Distance Checking Interval (ms): 458
Distance Checking Interval (ms): 211
Distance Checking Interval (ms): 517
Distance Checking Interval (ms): 236
Distance Checking Interval (ms): 241
Distance Checking Interval (ms): 205
Distance Checking Interval (ms): 536
Distance Checking Interval (ms): 150
Distance Checking Interval (ms): 426
Distance Checking Interval (ms): 181
Distance Checking Interval (ms): 151
Distance Checking Interval (ms): 146
Distance Checking Interval (ms): 172
Distance Checking Interval (ms): 166
Distance Checking Interval (ms): 139
Distance Checking Interval (ms): 179
Distance Checking Interval (ms): 270
Distance Checking Interval (ms): 136
Distance Checking Interval (ms): 190
Distance Checking Interval (ms): 180
Distance Checking Interval (ms): 128
Distance Checking Interval (ms): 174
Distance Checking Interval (ms): 260
Distance Checking Interval (ms): 242
Distance Checking Interval (ms): 446
Distance Checking Interval (ms): 596
Distance Checking Interval (ms): 256
Distance Checking Interval (ms): 135
Distance Checking Interval (ms): 142
Distance Checking Interval (ms): 408
Distance Checking Interval (ms): 186
Distance Checking Interval (ms): 452
Distance Checking Interval (ms): 186
Distance Checking Interval (ms): 339
Distance Checking Interval (ms): 163
Distance Checking Interval (ms): 157
Distance Checking Interval (ms): 107
Distance Checking Interval (ms): 531
Distance Checking Interval (ms): 160
Distance Checking Interval (ms): 378
Distance Checking Interval (ms): 423
Distance Checking Interval (ms): 229
Distance Checking Interval (ms): 179
Distance Checking Interval (ms): 208
Distance Checking Interval (ms): 113
Distance Checking Interval (ms): 163
Distance Checking Interval (ms): 235
Distance Checking Interval (ms): 170
Distance Checking Interval (ms): 138
Distance Checking Interval (ms): 135
Distance Checking Interval (ms): 430
Distance Checking Interval (ms): 539
Distance Checking Interval (ms): 413
Distance Checking Interval (ms): 389
Distance Checking Interval (ms): 169
Distance Checking Interval (ms): 357
Distance Checking Interval (ms): 214
Distance Checking Interval (ms): 252
Distance Checking Interval (ms): 126
Distance Checking Interval (ms): 128
Distance Checking Interval (ms): 315
Distance Checking Interval (ms): 563
Distance Checking Interval (ms): 118
Distance Checking Interval (ms): 216
Distance Checking Interval (ms): 158
Distance Checking Interval (ms): 245
Distance Checking Interval (ms): 327
Distance Checking Interval (ms): 127
Distance Checking Interval (ms): 502
Distance Checking Interval (ms): 215
Distance Checking Interval (ms): 583
Distance Checking Interval (ms): 155
Distance Checking Interval (ms): 334
Distance Checking Interval (ms): 223
Distance Checking Interval (ms): 482
Distance Checking Interval (ms): 477
Distance Checking Interval (ms): 554
Distance Checking Interval (ms): 112
Distance Checking Interval (ms): 211
Distance Checking Interval (ms): 296
Distance Checking Interval (ms): 111
Distance Checking Interval (ms): 152
Distance Checking Interval (ms): 113
Distance Checking Interval (ms): 105
Distance Checking Interval (ms): 339
Distance Checking Interval (ms): 119
Distance Checking Interval (ms): 252
Distance Checking Interval (ms): 225
Distance Checking Interval (ms): 196
Distance Checking Interval (ms): 205
Distance Checking Interval (ms): 152
Distance Checking Interval (ms): 278
Distance Checking Interval (ms): 469
Distance Checking Interval (ms): 280
Distance Checking Interval (ms): 256
Distance Checking Interval (ms): 162
Distance Checking Interval (ms): 122
Distance Checking Interval (ms): 202
Distance Checking Interval (ms): 330
Distance Checking Interval (ms): 437
Distance Checking Interval (ms): 489
Distance Checking Interval (ms): 100
Distance Checking Interval (ms): 367
Distance Checking Interval (ms): 243
Distance Checking Interval (ms): 134
Distance Checking Interval (ms): 224
Distance Checking Interval (ms): 261
Distance Checking Interval (ms): 416
Distance Checking Interval (ms): 389
Distance Checking Interval (ms): 241
Distance Checking Interval (ms): 168
Distance Checking Interval (ms): 108
Distance Checking Interval (ms): 493
Distance Checking Interval (ms): 246
Distance Checking Interval (ms): 272
Distance Checking Interval (ms): 112
Distance Checking Interval (ms): 269
Distance Checking Interval (ms): 123
Distance Checking Interval (ms): 258
Distance Checking Interval (ms): 136
Distance Checking Interval (ms): 160
Distance Checking Interval (ms): 207
Distance Checking Interval (ms): 101
Distance Checking Interval (ms): 179
Distance Checking Interval (ms): 351
Distance Checking Interval (ms): 269
Distance Checking Interval (ms): 187
Distance Checking Interval (ms): 128
Distance Checking Interval (ms): 427
Distance Checking Interval (ms): 567
Distance Checking Interval (ms): 233
Distance Checking Interval (ms): 483
Distance Checking Interval (ms): 230
Distance Checking Interval (ms): 273
Distance Checking Interval (ms): 134
Distance Checking Interval (ms): 141
Distance Checking Interval (ms): 200
Distance Checking Interval (ms): 316
Distance Checking Interval (ms): 347
Distance Checking Interval (ms): 306
Distance Checking Interval (ms): 143
Distance Checking Interval (ms): 409
Distance Checking Interval (ms): 594
Distance Checking Interval (ms): 375
Distance Checking Interval (ms): 105
Distance Checking Interval (ms): 228
Distance Checking Interval (ms): 116
Distance Checking Interval (ms): 122
Distance Checking Interval (ms): 106
Distance Checking Interval (ms): 362
Distance Checking Interval (ms): 113
Distance Checking Interval (ms): 426
Distance Checking Interval (ms): 206
Distance Checking Interval (ms): 284
Distance Checking Interval (ms): 596
Distance Checking Interval (ms): 100
Distance Checking Interval (ms): 303
Distance Checking Interval (ms): 337
Distance Checking Interval (ms): 192
Distance Checking Interval (ms): 153
Distance Checking Interval (ms): 342
Distance Checking Interval (ms): 185
Distance Checking Interval (ms): 461
Distance Checking Interval (ms): 383
Distance Checking Interval (ms): 130
Distance Checking Interval (ms): 300
Distance Checking Interval (ms): 522
Distance Checking Interval (ms): 452
Distance Checking Interval (ms): 180
Distance Checking Interval (ms): 340
Distance Checking Interval (ms): 184
Distance Checking Interval (ms): 406
Distance Checking Interval (ms): 210
Distance Checking Interval (ms): 185
Distance Checking Interval (ms): 469
Distance Checking Interval (ms): 190
Distance Checking Interval (ms): 399
Distance Checking Interval (ms): 562
Distance Checking Interval (ms): 146
Distance Checking Interval (ms): 186
Distance Checking Interval (ms): 164
Distance Checking Interval (ms): 242
Distance Checking Interval (ms): 281
Distance Checking Interval (ms): 176
Distance Checking Interval (ms): 172
Distance Checking Interval (ms): 263
Distance Checking Interval (ms): 109
Distance Checking Interval (ms): 228
Distance Checking Interval (ms): 128
Distance Checking Interval (ms): 358
Distance Checking Interval (ms): 285
Distance Checking Interval (ms): 285
Distance Checking Interval (ms): 591
Distance Checking Interval (ms): 448
Distance Checking Interval (ms): 530
Distance Checking Interval (ms): 360
Distance Checking Interval (ms): 358
Distance Checking Interval (ms): 132
Distance Checking Interval (ms): 373
Distance Checking Interval (ms): 376
Distance Checking Interval (ms): 276
Distance Checking Interval (ms): 553
Distance Checking Interval (ms): 136
Distance Checking Interval (ms): 249
Distance Checking Interval (ms): 201
Distance Checking Interval (ms): 223
Distance Checking Interval (ms): 102
Distance Checking Interval (ms): 385
Distance Checking Interval (ms): 135
Distance Checking Interval (ms): 121
Distance Checking Interval (ms): 128
Distance Checking Interval (ms): 212
Distance Checking Interval (ms): 145
Distance Checking Interval (ms): 187
Distance Checking Interval (ms): 299
Distance Checking Interval (ms): 248
Distance Checking Interval (ms): 364
Distance Checking Interval (ms): 119
Distance Checking Interval (ms): 254
Distance Checking Interval (ms): 147
Distance Checking Interval (ms): 340
Distance Checking Interval (ms): 233
Distance Checking Interval (ms): 105
Distance Checking Interval (ms): 225
Distance Checking Interval (ms): 123
Distance Checking Interval (ms): 334
Distance Checking Interval (ms): 325
Distance Checking Interval (ms): 255
Distance Checking Interval (ms): 128
Distance Checking Interval (ms): 168
Distance Checking Interval (ms): 214
Distance Checking Interval (ms): 122
Distance Checking Interval (ms): 451
Distance Checking Interval (ms): 280
Distance Checking Interval (ms): 260
Distance Checking Interval (ms): 155
Distance Checking Interval (ms): 150
Distance Checking Interval (ms): 597
Distance Checking Interval (ms): 531
Distance Checking Interval (ms): 319
Distance Checking Interval (ms): 382
Distance Checking Interval (ms): 366
Distance Checking Interval (ms): 491
Distance Checking Interval (ms): 197
Distance Checking Interval (ms): 452
Distance Checking Interval (ms): 371
Distance Checking Interval (ms): 343
Distance Checking Interval (ms): 226
Distance Checking Interval (ms): 229
Distance Checking Interval (ms): 224
Distance Checking Interval (ms): 185
Distance Checking Interval (ms): 345
Distance Checking Interval (ms): 142
Distance Checking Interval (ms): 225
Distance Checking Interval (ms): 128
Distance Checking Interval (ms): 157
Distance Checking Interval (ms): 108
Distance Checking Interval (ms): 123
Distance Checking Interval (ms): 555
Distance Checking Interval (ms): 203
Distance Checking Interval (ms): 177
Distance Checking Interval (ms): 237
Distance Checking Interval (ms): 133
Distance Checking Interval (ms): 251
Distance Checking Interval (ms): 115
Distance Checking Interval (ms): 347
Distance Checking Interval (ms): 225
Distance Checking Interval (ms): 298
Distance Checking Interval (ms): 225
Distance Checking Interval (ms): 225
Distance Checking Interval (ms): 125
Distance Checking Interval (ms): 114
Distance Checking Interval (ms): 239
Distance Checking Interval (ms): 115
Distance Checking Interval (ms): 397
Distance Checking Interval (ms): 194
Distance Checking Interval (ms): 295
Distance Checking Interval (ms): 122
Distance Checking Interval (ms): 332
Distance Checking Interval (ms): 181
Distance Checking Interval (ms): 296
Distance Checking Interval (ms): 162
Distance Checking Interval (ms): 298
Distance Checking Interval (ms): 206
Distance Checking Interval (ms): 155
Distance Checking Interval (ms): 273
Distance Checking Interval (ms): 598
Distance Checking Interval (ms): 281
Distance Checking Interval (ms): 195
Distance Checking Interval (ms): 103
Distance Checking Interval (ms): 121
Distance Checking Interval (ms): 151
Distance Checking Interval (ms): 289
Distance Checking Interval (ms): 136
Distance Checking Interval (ms): 286
Distance Checking Interval (ms): 295
Distance Checking Interval (ms): 171
Distance Checking Interval (ms): 419
Distance Checking Interval (ms): 333
Distance Checking Interval (ms): 419
Distance Checking Interval (ms): 253
Distance Checking Interval (ms): 222
Distance Checking Interval (ms): 134
Distance Checking Interval (ms): 309
Distance Checking Interval (ms): 252
Distance Checking Interval (ms): 201
Distance Checking Interval (ms): 367
Distance Checking Interval (ms): 538
Distance Checking Interval (ms): 229
Distance Checking Interval (ms): 340
Distance Checking Interval (ms): 466
Distance Checking Interval (ms): 130
Distance Checking Interval (ms): 487
Distance Checking Interval (ms): 222
Distance Checking Interval (ms): 591
Distance Checking Interval (ms): 347
Distance Checking Interval (ms): 420
Distance Checking Interval (ms): 466
Distance Checking Interval (ms): 120
Distance Checking Interval (ms): 176
Distance Checking Interval (ms): 133
Distance Checking Interval (ms): 144
Distance Checking Interval (ms): 516
Distance Checking Interval (ms): 145
Distance Checking Interval (ms): 225
Distance Checking Interval (ms): 102
Distance Checking Interval (ms): 104
Distance Checking Interval (ms): 263
Distance Checking Interval (ms): 432
Distance Checking Interval (ms): 372
Distance Checking Interval (ms): 160
Distance Checking Interval (ms): 451
Distance Checking Interval (ms): 244
Distance Checking Interval (ms): 526
Distance Checking Interval (ms): 583
Distance Checking Interval (ms): 239
Distance Checking Interval (ms): 204
Distance Checking Interval (ms): 370
Distance Checking Interval (ms): 207
Distance Checking Interval (ms): 122
Distance Checking Interval (ms): 163
Distance Checking Interval (ms): 282
Distance Checking Interval (ms): 217
Distance Checking Interval (ms): 297
Distance Checking Interval (ms): 233
Distance Checking Interval (ms): 158
Distance Checking Interval (ms): 118
Distance Checking Interval (ms): 105
Distance Checking Interval (ms): 304
Distance Checking Interval (ms): 239
Distance Checking Interval (ms): 456
Distance Checking Interval (ms): 146
Distance Checking Interval (ms): 157
Distance Checking Interval (ms): 446
Distance Checking Interval (ms): 107
Distance Checking Interval (ms): 154
Distance Checking Interval (ms): 115
Distance Checking Interval (ms): 399
Distance Checking Interval (ms): 477
Distance Checking Interval (ms): 279
Distance Checking Interval (ms): 204
Distance Checking Interval (ms): 102
Distance Checking Interval (ms): 368
Distance Checking Interval (ms): 204
Distance Checking Interval (ms): 523
Distance Checking Interval (ms): 175
Distance Checking Interval (ms): 173
Distance Checking Interval (ms): 130
Distance Checking Interval (ms): 450
Distance Checking Interval (ms): 381
Distance Checking Interval (ms): 370
Distance Checking Interval (ms): 306
Distance Checking Interval (ms): 222
Distance Checking Interval (ms): 214
Distance Checking Interval (ms): 228
Distance Checking Interval (ms): 122
Distance Checking Interval (ms): 454
Distance Checking Interval (ms): 174
Distance Checking Interval (ms): 278
Distance Checking Interval (ms): 132
Distance Checking Interval (ms): 426
Distance Checking Interval (ms): 148
Distance Checking Interval (ms): 209
Distance Checking Interval (ms): 211
Distance Checking Interval (ms): 105
Distance Checking Interval (ms): 130
Distance Checking Interval (ms): 109
Distance Checking Interval (ms): 416
Distance Checking Interval (ms): 104
Distance Checking Interval (ms): 165
Distance Checking Interval (ms): 110
Distance Checking Interval (ms): 435
Distance Checking Interval (ms): 391
Distance Checking Interval (ms): 252
Distance Checking Interval (ms): 222
Distance Checking Interval (ms): 263
Distance Checking Interval (ms): 271
Distance Checking Interval (ms): 280
Distance Checking Interval (ms): 347
Distance Checking Interval (ms): 328
Distance Checking Interval (ms): 361
Distance Checking Interval (ms): 241
Distance Checking Interval (ms): 197
Distance Checking Interval (ms): 508
Distance Checking Interval (ms): 155
Distance Checking Interval (ms): 191
Distance Checking Interval (ms): 101
Distance Checking Interval (ms): 282
Distance Checking Interval (ms): 102
Distance Checking Interval (ms): 107
Distance Checking Interval (ms): 100
Distance Checking Interval (ms): 140
Distance Checking Interval (ms): 354
Distance Checking Interval (ms): 495
Distance Checking Interval (ms): 375
Distance Checking Interval (ms): 274
Distance Checking Interval (ms): 168
Distance Checking Interval (ms): 545
Distance Checking Interval (ms): 353
Distance Checking Interval (ms): 228
Distance Checking Interval (ms): 494
Distance Checking Interval (ms): 263
Distance Checking Interval (ms): 174
Distance Checking Interval (ms): 345
Distance Checking Interval (ms): 163
Distance Checking Interval (ms): 198
Distance Checking Interval (ms): 502
Distance Checking Interval (ms): 263
Distance Checking Interval (ms): 218
Distance Checking Interval (ms): 265
Distance Checking Interval (ms): 241
Distance Checking Interval (ms): 356
Distance Checking Interval (ms): 376
Distance Checking Interval (ms): 138
Distance Checking Interval (ms): 276
Distance Checking Interval (ms): 217
Distance Checking Interval (ms): 276
Distance Checking Interval (ms): 229
Distance Checking Interval (ms): 538
Distance Checking Interval (ms): 275
Distance Checking Interval (ms): 251
Distance Checking Interval (ms): 282
Distance Checking Interval (ms): 105
Distance Checking Interval (ms): 267
Distance Checking Interval (ms): 106
Distance Checking Interval (ms): 448
Distance Checking Interval (ms): 164
Distance Checking Interval (ms): 167
Distance Checking Interval (ms): 252
Distance Checking Interval (ms): 375
Distance Checking Interval (ms): 119
Distance Checking Interval (ms): 353
Distance Checking Interval (ms): 285
Distance Checking Interval (ms): 102
Distance Checking Interval (ms): 136
Distance Checking Interval (ms): 422
Distance Checking Interval (ms): 149
Distance Checking Interval (ms): 317
Distance Checking Interval (ms): 214
Distance Checking Interval (ms): 213
Distance Checking Interval (ms): 457
Distance Checking Interval (ms): 253
Distance Checking Interval (ms): 236
Distance Checking Interval (ms): 473
Distance Checking Interval (ms): 163
Distance Checking Interval (ms): 135
Distance Checking Interval (ms): 198
Distance Checking Interval (ms): 354
Distance Checking Interval (ms): 148
Distance Checking Interval (ms): 243
Distance Checking Interval (ms): 487
Distance Checking Interval (ms): 130
Distance Checking Interval (ms): 351
Distance Checking Interval (ms): 220
Distance Checking Interval (ms): 102
Distance Checking Interval (ms): 440
Distance Checking Interval (ms): 318
Distance Checking Interval (ms): 467
Distance Checking Interval (ms): 101
Distance Checking Interval (ms): 157
Distance Checking Interval (ms): 403
Distance Checking Interval (ms): 100
Distance Checking Interval (ms): 116
Distance Checking Interval (ms): 143
Distance Checking Interval (ms): 268
Distance Checking Interval (ms): 120
Distance Checking Interval (ms): 374
Distance Checking Interval (ms): 343
Distance Checking Interval (ms): 173
Distance Checking Interval (ms): 508
Distance Checking Interval (ms): 228
Distance Checking Interval (ms): 512
Distance Checking Interval (ms): 424
Distance Checking Interval (ms): 217
Distance Checking Interval (ms): 374
Distance Checking Interval (ms): 123
Distance Checking Interval (ms): 272
Distance Checking Interval (ms): 306
Distance Checking Interval (ms): 204
Distance Checking Interval (ms): 344
Distance Checking Interval (ms): 212
Distance Checking Interval (ms): 214
Distance Checking Interval (ms): 120
Distance Checking Interval (ms): 386
Distance Checking Interval (ms): 134
Distance Checking Interval (ms): 148
Distance Checking Interval (ms): 428
Distance Checking Interval (ms): 317
Distance Checking Interval (ms): 136
Distance Checking Interval (ms): 370
Distance Checking Interval (ms): 384
Distance Checking Interval (ms): 290
Distance Checking Interval (ms): 212
Distance Checking Interval (ms): 149
Distance Checking Interval (ms): 412
Distance Checking Interval (ms): 324
Distance Checking Interval (ms): 131
Distance Checking Interval (ms): 231
Distance Checking Interval (ms): 125
Distance Checking Interval (ms): 523
Distance Checking Interval (ms): 269
Distance Checking Interval (ms): 262
Distance Checking Interval (ms): 582
Distance Checking Interval (ms): 237
Distance Checking Interval (ms): 552
Distance Checking Interval (ms): 237
Distance Checking Interval (ms): 205
Distance Checking Interval (ms): 323
Distance Checking Interval (ms): 439
Distance Checking Interval (ms): 410
Distance Checking Interval (ms): 311
Distance Checking Interval (ms): 173
Distance Checking Interval (ms): 507
Distance Checking Interval (ms): 114
Distance Checking Interval (ms): 527
Distance Checking Interval (ms): 172
Distance Checking Interval (ms): 138
Distance Checking Interval (ms): 207
Distance Checking Interval (ms): 265
Distance Checking Interval (ms): 236
Distance Checking Interval (ms): 169
Distance Checking Interval (ms): 515
Distance Checking Interval (ms): 225
Distance Checking Interval (ms): 122
Distance Checking Interval (ms): 138
Distance Checking Interval (ms): 369
Distance Checking Interval (ms): 208
Distance Checking Interval (ms): 227
Distance Checking Interval (ms): 175
Distance Checking Interval (ms): 132
Distance Checking Interval (ms): 390
Distance Checking Interval (ms): 379
Distance Checking Interval (ms): 559
Distance Checking Interval (ms): 235
Distance Checking Interval (ms): 178
Distance Checking Interval (ms): 227
Distance Checking Interval (ms): 317
Distance Checking Interval (ms): 332
Distance Checking Interval (ms): 148
Distance Checking Interval (ms): 104
Distance Checking Interval (ms): 381
Distance Checking Interval (ms): 261
Distance Checking Interval (ms): 270
Distance Checking Interval (ms): 151
Distance Checking Interval (ms): 430
Distance Checking Interval (ms): 202
Distance Checking Interval (ms): 118
Distance Checking Interval (ms): 457
Distance Checking Interval (ms): 134
Distance Checking Interval (ms): 299
Distance Checking Interval (ms): 138
Distance Checking Interval (ms): 306
Distance Checking Interval (ms): 167
Distance Checking Interval (ms): 157
Distance Checking Interval (ms): 258
Distance Checking Interval (ms): 127
Distance Checking Interval (ms): 189
Distance Checking Interval (ms): 230
Distance Checking Interval (ms): 215
Distance Checking Interval (ms): 188
Distance Checking Interval (ms): 210
Distance Checking Interval (ms): 279
Distance Checking Interval (ms): 124
Distance Checking Interval (ms): 171
Distance Checking Interval (ms): 214
Distance Checking Interval (ms): 260
Distance Checking Interval (ms): 319
Distance Checking Interval (ms): 399
Distance Checking Interval (ms): 204
Distance Checking Interval (ms): 142
Distance Checking Interval (ms): 195
Distance Checking Interval (ms): 168
Distance Checking Interval (ms): 147
Distance Checking Interval (ms): 421
Distance Checking Interval (ms): 139
Distance Checking Interval (ms): 217
Distance Checking Interval (ms): 316
Distance Checking Interval (ms): 113
Distance Checking Interval (ms): 551
Distance Checking Interval (ms): 220
Distance Checking Interval (ms): 257
Distance Checking Interval (ms): 215
Distance Checking Interval (ms): 191
Distance Checking Interval (ms): 366
Distance Checking Interval (ms): 594
Distance Checking Interval (ms): 557
Distance Checking Interval (ms): 116
Distance Checking Interval (ms): 587
Distance Checking Interval (ms): 522
Distance Checking Interval (ms): 276
Distance Checking Interval (ms): 159
Distance Checking Interval (ms): 309
Distance Checking Interval (ms): 540
Distance Checking Interval (ms): 264
Distance Checking Interval (ms): 158
Distance Checking Interval (ms): 239
Distance Checking Interval (ms): 135
Distance Checking Interval (ms): 416
Distance Checking Interval (ms): 187
Distance Checking Interval (ms): 380
Distance Checking Interval (ms): 178
Distance Checking Interval (ms): 132
Distance Checking Interval (ms): 175
Distance Checking Interval (ms): 224
Distance Checking Interval (ms): 108
Distance Checking Interval (ms): 475
Distance Checking Interval (ms): 128
Distance Checking Interval (ms): 120
Distance Checking Interval (ms): 238
Distance Checking Interval (ms): 219
Distance Checking Interval (ms): 121
Distance Checking Interval (ms): 374
Distance Checking Interval (ms): 322
Distance Checking Interval (ms): 146
Distance Checking Interval (ms): 442
Distance Checking Interval (ms): 525
Distance Checking Interval (ms): 148
Distance Checking Interval (ms): 503
Distance Checking Interval (ms): 278
Distance Checking Interval (ms): 175
Distance Checking Interval (ms): 197
Distance Checking Interval (ms): 168
Distance Checking Interval (ms): 109
Distance Checking Interval (ms): 101
Distance Checking Interval (ms): 133
Distance Checking Interval (ms): 211
Distance Checking Interval (ms): 230
Distance Checking Interval (ms): 323
Distance Checking Interval (ms): 190
Distance Checking Interval (ms): 243
Distance Checking Interval (ms): 122
Distance Checking Interval (ms): 136
Distance Checking Interval (ms): 117
Distance Checking Interval (ms): 280
Distance Checking Interval (ms): 363
Distance Checking Interval (ms): 412
Distance Checking Interval (ms): 203
Distance Checking Interval (ms): 385
Distance Checking Interval (ms): 307
Distance Checking Interval (ms): 201
Distance Checking Interval (ms): 247
Distance Checking Interval (ms): 167
Distance Checking Interval (ms): 380
Distance Checking Interval (ms): 269
Distance Checking Interval (ms): 183
Distance Checking Interval (ms): 262
Distance Checking Interval (ms): 296
Distance Checking Interval (ms): 507
Distance Checking Interval (ms): 220
Distance Checking Interval (ms): 170
Distance Checking Interval (ms): 178
Distance Checking Interval (ms): 152
Distance Checking Interval (ms): 268
Distance Checking Interval (ms): 160
Distance Checking Interval (ms): 241
Distance Checking Interval (ms): 142
Distance Checking Interval (ms): 122
Distance Checking Interval (ms): 382
Distance Checking Interval (ms): 385
Distance Checking Interval (ms): 151
Distance Checking Interval (ms): 431
Distance Checking Interval (ms): 207
Distance Checking Interval (ms): 235
Distance Checking Interval (ms): 107
Distance Checking Interval (ms): 311
Distance Checking Interval (ms): 435
Distance Checking Interval (ms): 167
Distance Checking Interval (ms): 160
Distance Checking Interval (ms): 178
Distance Checking Interval (ms): 468
Distance Checking Interval (ms): 112
Distance Checking Interval (ms): 120
Distance Checking Interval (ms): 253
Distance Checking Interval (ms): 112
Distance Checking Interval (ms): 162
Distance Checking Interval (ms): 534
Distance Checking Interval (ms): 533
Distance Checking Interval (ms): 238
Distance Checking Interval (ms): 359
Distance Checking Interval (ms): 209
Distance Checking Interval (ms): 116
Distance Checking Interval (ms): 184
Distance Checking Interval (ms): 112
Distance Checking Interval (ms): 234
Distance Checking Interval (ms): 143
Distance Checking Interval (ms): 103
Distance Checking Interval (ms): 384
Distance Checking Interval (ms): 235
Distance Checking Interval (ms): 246
Distance Checking Interval (ms): 103
Distance Checking Interval (ms): 459
Distance Checking Interval (ms): 200
Distance Checking Interval (ms): 350
Distance Checking Interval (ms): 261
Distance Checking Interval (ms): 291
Distance Checking Interval (ms): 109
Distance Checking Interval (ms): 329
Distance Checking Interval (ms): 169
Distance Checking Interval (ms): 135
Distance Checking Interval (ms): 156
Distance Checking Interval (ms): 166
Distance Checking Interval (ms): 320
Distance Checking Interval (ms): 137
Distance Checking Interval (ms): 136
Distance Checking Interval (ms): 354
Distance Checking Interval (ms): 222
Distance Checking Interval (ms): 405
Distance Checking Interval (ms): 209
Distance Checking Interval (ms): 264
Distance Checking Interval (ms): 211
Distance Checking Interval (ms): 126
Distance Checking Interval (ms): 260
Distance Checking Interval (ms): 204
Distance Checking Interval (ms): 289
Distance Checking Interval (ms): 116
Distance Checking Interval (ms): 511
Distance Checking Interval (ms): 149
Distance Checking Interval (ms): 230
Distance Checking Interval (ms): 289
Distance Checking Interval (ms): 180
Distance Checking Interval (ms): 205
Distance Checking Interval (ms): 435
Distance Checking Interval (ms): 288
Distance Checking Interval (ms): 162
Distance Checking Interval (ms): 267
Distance Checking Interval (ms): 156
Distance Checking Interval (ms): 144
Distance Checking Interval (ms): 215
Distance Checking Interval (ms): 152
Distance Checking Interval (ms): 363
Distance Checking Interval (ms): 294
Distance Checking Interval (ms): 291
Distance Checking Interval (ms): 218
Distance Checking Interval (ms): 121
Distance Checking Interval (ms): 156
Distance Checking Interval (ms): 153
Distance Checking Interval (ms): 343
Distance Checking Interval (ms): 489
Distance Checking Interval (ms): 116
Distance Checking Interval (ms): 144
Distance Checking Interval (ms): 415
Distance Checking Interval (ms): 193
Distance Checking Interval (ms): 126
Distance Checking Interval (ms): 216
Distance Checking Interval (ms): 319
Distance Checking Interval (ms): 179
Distance Checking Interval (ms): 232
Distance Checking Interval (ms): 406
Distance Checking Interval (ms): 239
Distance Checking Interval (ms): 483
Distance Checking Interval (ms): 272
Distance Checking Interval (ms): 216
Distance Checking Interval (ms): 430
Distance Checking Interval (ms): 354
Distance Checking Interval (ms): 230
Distance Checking Interval (ms): 273
Distance Checking Interval (ms): 312
Distance Checking Interval (ms): 170
Distance Checking Interval (ms): 241
Distance Checking Interval (ms): 124
Distance Checking Interval (ms): 201
Distance Checking Interval (ms): 304
Distance Checking Interval (ms): 242
Distance Checking Interval (ms): 114
Distance Checking Interval (ms): 175
Distance Checking Interval (ms): 481
Distance Checking Interval (ms): 144
Distance Checking Interval (ms): 598
Distance Checking Interval (ms): 176
Distance Checking Interval (ms): 510
Distance Checking Interval (ms): 143
Distance Checking Interval (ms): 147
Distance Checking Interval (ms): 205
Distance Checking Interval (ms): 263
Distance Checking Interval (ms): 256
Distance Checking Interval (ms): 197
Distance Checking Interval (ms): 130
Distance Checking Interval (ms): 217
Distance Checking Interval (ms): 337
Distance Checking Interval (ms): 537
Distance Checking Interval (ms): 272
Distance Checking Interval (ms): 296
Distance Checking Interval (ms): 105
Distance Checking Interval (ms): 106
Distance Checking Interval (ms): 173
Distance Checking Interval (ms): 311
Distance Checking Interval (ms): 203
Distance Checking Interval (ms): 344
Distance Checking Interval (ms): 101
Distance Checking Interval (ms): 265
Distance Checking Interval (ms): 134
Distance Checking Interval (ms): 395
Distance Checking Interval (ms): 358
Distance Checking Interval (ms): 300
Distance Checking Interval (ms): 343
Distance Checking Interval (ms): 168
Distance Checking Interval (ms): 424
Distance Checking Interval (ms): 121
Distance Checking Interval (ms): 129
Distance Checking Interval (ms): 124
Distance Checking Interval (ms): 111
Distance Checking Interval (ms): 186
Distance Checking Interval (ms): 278
Distance Checking Interval (ms): 307
Distance Checking Interval (ms): 198
Distance Checking Interval (ms): 100
Distance Checking Interval (ms): 309
Distance Checking Interval (ms): 351
Distance Checking Interval (ms): 230
Distance Checking Interval (ms): 110
Distance Checking Interval (ms): 153
Distance Checking Interval (ms): 441
Distance Checking Interval (ms): 111
Distance Checking Interval (ms): 273
Distance Checking Interval (ms): 208
Distance Checking Interval (ms): 126
Distance Checking Interval (ms): 174
Distance Checking Interval (ms): 201
Distance Checking Interval (ms): 173
Distance Checking Interval (ms): 197
Distance Checking Interval (ms): 180
Distance Checking Interval (ms): 247
Distance Checking Interval (ms): 285
Distance Checking Interval (ms): 172
Distance Checking Interval (ms): 105
Distance Checking Interval (ms): 232
Distance Checking Interval (ms): 250
Distance Checking Interval (ms): 183
Distance Checking Interval (ms): 295
Distance Checking Interval (ms): 428
Distance Checking Interval (ms): 111
Distance Checking Interval (ms): 225
Distance Checking Interval (ms): 456
Distance Checking Interval (ms): 438
Distance Checking Interval (ms): 171
Distance Checking Interval (ms): 282
Distance Checking Interval (ms): 107
Distance Checking Interval (ms): 103
Distance Checking Interval (ms): 103
Distance Checking Interval (ms): 472
Distance Checking Interval (ms): 210
Distance Checking Interval (ms): 211
Distance Checking Interval (ms): 201
Distance Checking Interval (ms): 100
Distance Checking Interval (ms): 439
Distance Checking Interval (ms): 209
Distance Checking Interval (ms): 238
Distance Checking Interval (ms): 320
Distance Checking Interval (ms): 174
Distance Checking Interval (ms): 475
Distance Checking Interval (ms): 513
Distance Checking Interval (ms): 204
Distance Checking Interval (ms): 115
Distance Checking Interval (ms): 325
Distance Checking Interval (ms): 490
Distance Checking Interval (ms): 132
Distance Checking Interval (ms): 139
Distance Checking Interval (ms): 120
Distance Checking Interval (ms): 259
Distance Checking Interval (ms): 440
Distance Checking Interval (ms): 595
Distance Checking Interval (ms): 174
Distance Checking Interval (ms): 111
Distance Checking Interval (ms): 185
Distance Checking Interval (ms): 280
Distance Checking Interval (ms): 472
Distance Checking Interval (ms): 359
Distance Checking Interval (ms): 437
Distance Checking Interval (ms): 134
Distance Checking Interval (ms): 401
Distance Checking Interval (ms): 358
Distance Checking Interval (ms): 429
Distance Checking Interval (ms): 438
Distance Checking Interval (ms): 240
Distance Checking Interval (ms): 126
Distance Checking Interval (ms): 137
Distance Checking Interval (ms): 221
Distance Checking Interval (ms): 109
Distance Checking Interval (ms): 132
Distance Checking Interval (ms): 328
Distance Checking Interval (ms): 129
Distance Checking Interval (ms): 137
Distance Checking Interval (ms): 108
Distance Checking Interval (ms): 137
Distance Checking Interval (ms): 523
Distance Checking Interval (ms): 185
Distance Checking Interval (ms): 101
Distance Checking Interval (ms): 185
Distance Checking Interval (ms): 162
Distance Checking Interval (ms): 111
Distance Checking Interval (ms): 399
Distance Checking Interval (ms): 523
Distance Checking Interval (ms): 140
Distance Checking Interval (ms): 114
Distance Checking Interval (ms): 258
Distance Checking Interval (ms): 407
Distance Checking Interval (ms): 217
Distance Checking Interval (ms): 255
Distance Checking Interval (ms): 135
Distance Checking Interval (ms): 332
Distance Checking Interval (ms): 280
Distance Checking Interval (ms): 447
Distance Checking Interval (ms): 279
Distance Checking Interval (ms): 128
Distance Checking Interval (ms): 341
Distance Checking Interval (ms): 235
Distance Checking Interval (ms): 113
Distance Checking Interval (ms): 495
Distance Checking Interval (ms): 241
Distance Checking Interval (ms): 241
Distance Checking Interval (ms): 398
Distance Checking Interval (ms): 307
Distance Checking Interval (ms): 113
Distance Checking Interval (ms): 444
Distance Checking Interval (ms): 548
Distance Checking Interval (ms): 291
Distance Checking Interval (ms): 150
Distance Checking Interval (ms): 143
Distance Checking Interval (ms): 107
Distance Checking Interval (ms): 200
Distance Checking Interval (ms): 132
Distance Checking Interval (ms): 515
Distance Checking Interval (ms): 101
Distance Checking Interval (ms): 309
Distance Checking Interval (ms): 268
Distance Checking Interval (ms): 356
Distance Checking Interval (ms): 154
Distance Checking Interval (ms): 128
Distance Checking Interval (ms): 153
Distance Checking Interval (ms): 290
Distance Checking Interval (ms): 137
Distance Checking Interval (ms): 126
Distance Checking Interval (ms): 217
Distance Checking Interval (ms): 356
Distance Checking Interval (ms): 262
Distance Checking Interval (ms): 143
Distance Checking Interval (ms): 101
Distance Checking Interval (ms): 572
Distance Checking Interval (ms): 373
Distance Checking Interval (ms): 229
Distance Checking Interval (ms): 256
Distance Checking Interval (ms): 494
Distance Checking Interval (ms): 237
Distance Checking Interval (ms): 502
Distance Checking Interval (ms): 136
Distance Checking Interval (ms): 469
Distance Checking Interval (ms): 159
Distance Checking Interval (ms): 166
Distance Checking Interval (ms): 217
Distance Checking Interval (ms): 295
Distance Checking Interval (ms): 188
Distance Checking Interval (ms): 141
Distance Checking Interval (ms): 112
Distance Checking Interval (ms): 329
Distance Checking Interval (ms): 405
Distance Checking Interval (ms): 233
Distance Checking Interval (ms): 445
Distance Checking Interval (ms): 253
Distance Checking Interval (ms): 397
Distance Checking Interval (ms): 113
Distance Checking Interval (ms): 100
Distance Checking Interval (ms): 169
Distance Checking Interval (ms): 363
Distance Checking Interval (ms): 332
Distance Checking Interval (ms): 212
Distance Checking Interval (ms): 558
Distance Checking Interval (ms): 315
Distance Checking Interval (ms): 226
Distance Checking Interval (ms): 222
Distance Checking Interval (ms): 100
Distance Checking Interval (ms): 296
Distance Checking Interval (ms): 127
Distance Checking Interval (ms): 299
Distance Checking Interval (ms): 148
Distance Checking Interval (ms): 256
Distance Checking Interval (ms): 177
Distance Checking Interval (ms): 117
Distance Checking Interval (ms): 197
Distance Checking Interval (ms): 207
Distance Checking Interval (ms): 208
Distance Checking Interval (ms): 160
Distance Checking Interval (ms): 102
Distance Checking Interval (ms): 198
Distance Checking Interval (ms): 136
Distance Checking Interval (ms): 408
Distance Checking Interval (ms): 120
Distance Checking Interval (ms): 368
Distance Checking Interval (ms): 120
Distance Checking Interval (ms): 146
Distance Checking Interval (ms): 192
Distance Checking Interval (ms): 104
Distance Checking Interval (ms): 317
Distance Checking Interval (ms): 114
Distance Checking Interval (ms): 365
Distance Checking Interval (ms): 126
Distance Checking Interval (ms): 233
Distance Checking Interval (ms): 295
Distance Checking Interval (ms): 183
Distance Checking Interval (ms): 189
Distance Checking Interval (ms): 207
Distance Checking Interval (ms): 264
Distance Checking Interval (ms): 136
Distance Checking Interval (ms): 129
Distance Checking Interval (ms): 185
Distance Checking Interval (ms): 189
Distance Checking Interval (ms): 472
Distance Checking Interval (ms): 374
Distance Checking Interval (ms): 295
Distance Checking Interval (ms): 117
Distance Checking Interval (ms): 177
Distance Checking Interval (ms): 135
Distance Checking Interval (ms): 400
Distance Checking Interval (ms): 133
Distance Checking Interval (ms): 332
Distance Checking Interval (ms): 214
Distance Checking Interval (ms): 324
Distance Checking Interval (ms): 237
Distance Checking Interval (ms): 302
Distance Checking Interval (ms): 490
Distance Checking Interval (ms): 167
Distance Checking Interval (ms): 101
Distance Checking Interval (ms): 307
Distance Checking Interval (ms): 372
Distance Checking Interval (ms): 118
Distance Checking Interval (ms): 110
Distance Checking Interval (ms): 208
Distance Checking Interval (ms): 125
Distance Checking Interval (ms): 326
Distance Checking Interval (ms): 136
Distance Checking Interval (ms): 125
Distance Checking Interval (ms): 135
Distance Checking Interval (ms): 111
Distance Checking Interval (ms): 162
Distance Checking Interval (ms): 170
Distance Checking Interval (ms): 329
Distance Checking Interval (ms): 231
Distance Checking Interval (ms): 517
Distance Checking Interval (ms): 295
Distance Checking Interval (ms): 110
Distance Checking Interval (ms): 140
Distance Checking Interval (ms): 123
Distance Checking Interval (ms): 324
Distance Checking Interval (ms): 201
Distance Checking Interval (ms): 357
Distance Checking Interval (ms): 138
Distance Checking Interval (ms): 135
Distance Checking Interval (ms): 105
Distance Checking Interval (ms): 360
Distance Checking Interval (ms): 264
Distance Checking Interval (ms): 443
Distance Checking Interval (ms): 305
Distance Checking Interval (ms): 205
Distance Checking Interval (ms): 118
Distance Checking Interval (ms): 470
Distance Checking Interval (ms): 201
Distance Checking Interval (ms): 152
Distance Checking Interval (ms): 274
Distance Checking Interval (ms): 482
Distance Checking Interval (ms): 280
Distance Checking Interval (ms): 144
Distance Checking Interval (ms): 329
Distance Checking Interval (ms): 284
Distance Checking Interval (ms): 294
Distance Checking Interval (ms): 114
Distance Checking Interval (ms): 127
Distance Checking Interval (ms): 135
Distance Checking Interval (ms): 177
Distance Checking Interval (ms): 103
Distance Checking Interval (ms): 367
Distance Checking Interval (ms): 107
Distance Checking Interval (ms): 243
Distance Checking Interval (ms): 173
Distance Checking Interval (ms): 421
Distance Checking Interval (ms): 239
Distance Checking Interval (ms): 153
Distance Checking Interval (ms): 197
Distance Checking Interval (ms): 130
Distance Checking Interval (ms): 174
Distance Checking Interval (ms): 116
Distance Checking Interval (ms): 430
Distance Checking Interval (ms): 337
Distance Checking Interval (ms): 304
Distance Checking Interval (ms): 114
Distance Checking Interval (ms): 339
Distance Checking Interval (ms): 119
Distance Checking Interval (ms): 145
Distance Checking Interval (ms): 268
Distance Checking Interval (ms): 191
Distance Checking Interval (ms): 549
Distance Checking Interval (ms): 161
Distance Checking Interval (ms): 132
Distance Checking Interval (ms): 105
Distance Checking Interval (ms): 151
Distance Checking Interval (ms): 258
Distance Checking Interval (ms): 237
Distance Checking Interval (ms): 199
Distance Checking Interval (ms): 211
Distance Checking Interval (ms): 109
Distance Checking Interval (ms): 143
Distance Checking Interval (ms): 558
Distance Checking Interval (ms): 311
Distance Checking Interval (ms): 203
Distance Checking Interval (ms): 433
Distance Checking Interval (ms): 155
Distance Checking Interval (ms): 145
Distance Checking Interval (ms): 511
Distance Checking Interval (ms): 121
Distance Checking Interval (ms): 206
Distance Checking Interval (ms): 343
Distance Checking Interval (ms): 508
Distance Checking Interval (ms): 180
Distance Checking Interval (ms): 356
Distance Checking Interval (ms): 125
Distance Checking Interval (ms): 253
Distance Checking Interval (ms): 296
Distance Checking Interval (ms): 154
Distance Checking Interval (ms): 323
Distance Checking Interval (ms): 112
Distance Checking Interval (ms): 337
Distance Checking Interval (ms): 244
Distance Checking Interval (ms): 262
Distance Checking Interval (ms): 214
Distance Checking Interval (ms): 219
Distance Checking Interval (ms): 219
Distance Checking Interval (ms): 386
Distance Checking Interval (ms): 277
Distance Checking Interval (ms): 416
Distance Checking Interval (ms): 396
Distance Checking Interval (ms): 432
Distance Checking Interval (ms): 213
Distance Checking Interval (ms): 166
Distance Checking Interval (ms): 160
Distance Checking Interval (ms): 324
Distance Checking Interval (ms): 219
Distance Checking Interval (ms): 516
Distance Checking Interval (ms): 442
Distance Checking Interval (ms): 133
Distance Checking Interval (ms): 363
Distance Checking Interval (ms): 187
Distance Checking Interval (ms): 131
Distance Checking Interval (ms): 118
Distance Checking Interval (ms): 141
Distance Checking Interval (ms): 200
Distance Checking Interval (ms): 294
Distance Checking Interval (ms): 389
Distance Checking Interval (ms): 591
Distance Checking Interval (ms): 329
Distance Checking Interval (ms): 106
Distance Checking Interval (ms): 188
Distance Checking Interval (ms): 117
Distance Checking Interval (ms): 114
Distance Checking Interval (ms): 394
Distance Checking Interval (ms): 288
Distance Checking Interval (ms): 375
Distance Checking Interval (ms): 114
Distance Checking Interval (ms): 243
Distance Checking Interval (ms): 508
Distance Checking Interval (ms): 577
Distance Checking Interval (ms): 157
Distance Checking Interval (ms): 327
Distance Checking Interval (ms): 110
Distance Checking Interval (ms): 170
Distance Checking Interval (ms): 143
Distance Checking Interval (ms): 200
Distance Checking Interval (ms): 231
Distance Checking Interval (ms): 155
Distance Checking Interval (ms): 350
Distance Checking Interval (ms): 192
Distance Checking Interval (ms): 233
Distance Checking Interval (ms): 245
Distance Checking Interval (ms): 220
Distance Checking Interval (ms): 273
Distance Checking Interval (ms): 149
Distance Checking Interval (ms): 282
Distance Checking Interval (ms): 123
Distance Checking Interval (ms): 578
Distance Checking Interval (ms): 122
Distance Checking Interval (ms): 574
Distance Checking Interval (ms): 560
Distance Checking Interval (ms): 574
Distance Checking Interval (ms): 155
Distance Checking Interval (ms): 180
Distance Checking Interval (ms): 585
Distance Checking Interval (ms): 573
Distance Checking Interval (ms): 155
Distance Checking Interval (ms): 294
Distance Checking Interval (ms): 241
Distance Checking Interval (ms): 514
Distance Checking Interval (ms): 544
Distance Checking Interval (ms): 189
Distance Checking Interval (ms): 262
Distance Checking Interval (ms): 202
Distance Checking Interval (ms): 119
Distance Checking Interval (ms): 196
Distance Checking Interval (ms): 279
Distance Checking Interval (ms): 376
Distance Checking Interval (ms): 266
Distance Checking Interval (ms): 514
Distance Checking Interval (ms): 203
Distance Checking Interval (ms): 528
Distance Checking Interval (ms): 224
Distance Checking Interval (ms): 123
Distance Checking Interval (ms): 431
Distance Checking Interval (ms): 336
Distance Checking Interval (ms): 161
Distance Checking Interval (ms): 151
Distance Checking Interval (ms): 191
Distance Checking Interval (ms): 512
Distance Checking Interval (ms): 338
Distance Checking Interval (ms): 394
Distance Checking Interval (ms): 123
Distance Checking Interval (ms): 193
Distance Checking Interval (ms): 275
Distance Checking Interval (ms): 384
Distance Checking Interval (ms): 187
Distance Checking Interval (ms): 208
Distance Checking Interval (ms): 284
Distance Checking Interval (ms): 178
Distance Checking Interval (ms): 391
Distance Checking Interval (ms): 242
Distance Checking Interval (ms): 181
Distance Checking Interval (ms): 131
Distance Checking Interval (ms): 103
Distance Checking Interval (ms): 367
Distance Checking Interval (ms): 313
Distance Checking Interval (ms): 246
Distance Checking Interval (ms): 170
Distance Checking Interval (ms): 102
Distance Checking Interval (ms): 104
Distance Checking Interval (ms): 188
Distance Checking Interval (ms): 143
Distance Checking Interval (ms): 512
Distance Checking Interval (ms): 139
Distance Checking Interval (ms): 214
Distance Checking Interval (ms): 122
Distance Checking Interval (ms): 128
Distance Checking Interval (ms): 142
Distance Checking Interval (ms): 168
Distance Checking Interval (ms): 366
Distance Checking Interval (ms): 100
Distance Checking Interval (ms): 185
Distance Checking Interval (ms): 330
Distance Checking Interval (ms): 172
Distance Checking Interval (ms): 221
Distance Checking Interval (ms): 414
Distance Checking Interval (ms): 296
Distance Checking Interval (ms): 282
Distance Checking Interval (ms): 193
Distance Checking Interval (ms): 215
Distance Checking Interval (ms): 205
Distance Checking Interval (ms): 377
Distance Checking Interval (ms): 278
Distance Checking Interval (ms): 110
Distance Checking Interval (ms): 361
Distance Checking Interval (ms): 105
Distance Checking Interval (ms): 470
Distance Checking Interval (ms): 139
Distance Checking Interval (ms): 276
Distance Checking Interval (ms): 138
Distance Checking Interval (ms): 465
Distance Checking Interval (ms): 539
Distance Checking Interval (ms): 329
Distance Checking Interval (ms): 110
Distance Checking Interval (ms): 215
Distance Checking Interval (ms): 316
Distance Checking Interval (ms): 149
Distance Checking Interval (ms): 151
Distance Checking Interval (ms): 524
Distance Checking Interval (ms): 133
Distance Checking Interval (ms): 458
Distance Checking Interval (ms): 185
Distance Checking Interval (ms): 345
Distance Checking Interval (ms): 322
Distance Checking Interval (ms): 532
Distance Checking Interval (ms): 388
Distance Checking Interval (ms): 160
Distance Checking Interval (ms): 226
Distance Checking Interval (ms): 257
Distance Checking Interval (ms): 138
Distance Checking Interval (ms): 356
Distance Checking Interval (ms): 202
Distance Checking Interval (ms): 133
Distance Checking Interval (ms): 215
Distance Checking Interval (ms): 113
Distance Checking Interval (ms): 165
Distance Checking Interval (ms): 162
Distance Checking Interval (ms): 129
Distance Checking Interval (ms): 117
Distance Checking Interval (ms): 278
Distance Checking Interval (ms): 234
Distance Checking Interval (ms): 380
Distance Checking Interval (ms): 205
Distance Checking Interval (ms): 108
Distance Checking Interval (ms): 244
Distance Checking Interval (ms): 255
Distance Checking Interval (ms): 373
Distance Checking Interval (ms): 148
Distance Checking Interval (ms): 138
Distance Checking Interval (ms): 294
Distance Checking Interval (ms): 457
Distance Checking Interval (ms): 211
Distance Checking Interval (ms): 114
Distance Checking Interval (ms): 489
Distance Checking Interval (ms): 154
Distance Checking Interval (ms): 235
Distance Checking Interval (ms): 443
Distance Checking Interval (ms): 119
Distance Checking Interval (ms): 496
Distance Checking Interval (ms): 118
Distance Checking Interval (ms): 137
Distance Checking Interval (ms): 121
Distance Checking Interval (ms): 120
Distance Checking Interval (ms): 126
Distance Checking Interval (ms): 205
Distance Checking Interval (ms): 287
Distance Checking Interval (ms): 152
Distance Checking Interval (ms): 171
Distance Checking Interval (ms): 163
Distance Checking Interval (ms): 159
Distance Checking Interval (ms): 437
Distance Checking Interval (ms): 430
Distance Checking Interval (ms): 406
Distance Checking Interval (ms): 344
Distance Checking Interval (ms): 225
Distance Checking Interval (ms): 119
Distance Checking Interval (ms): 168
Distance Checking Interval (ms): 177
Distance Checking Interval (ms): 216
Distance Checking Interval (ms): 169
Distance Checking Interval (ms): 354
Distance Checking Interval (ms): 297
Distance Checking Interval (ms): 136
Distance Checking Interval (ms): 237
Distance Checking Interval (ms): 271
Distance Checking Interval (ms): 236
Distance Checking Interval (ms): 124
Distance Checking Interval (ms): 199
Distance Checking Interval (ms): 362
Distance Checking Interval (ms): 119
Distance Checking Interval (ms): 190
Distance Checking Interval (ms): 444
Distance Checking Interval (ms): 280
Distance Checking Interval (ms): 118
Distance Checking Interval (ms): 145
Distance Checking Interval (ms): 588
Distance Checking Interval (ms): 158
Distance Checking Interval (ms): 109
Distance Checking Interval (ms): 444
Distance Checking Interval (ms): 222
Distance Checking Interval (ms): 279
Distance Checking Interval (ms): 102
Distance Checking Interval (ms): 234
Distance Checking Interval (ms): 251
Distance Checking Interval (ms): 242
Distance Checking Interval (ms): 207
Distance Checking Interval (ms): 121
Distance Checking Interval (ms): 193
Distance Checking Interval (ms): 411
Distance Checking Interval (ms): 238
Distance Checking Interval (ms): 158
Distance Checking Interval (ms): 465
Distance Checking Interval (ms): 160
Distance Checking Interval (ms): 191
Distance Checking Interval (ms): 429
Distance Checking Interval (ms): 260
Distance Checking Interval (ms): 516
Distance Checking Interval (ms): 385
Distance Checking Interval (ms): 233
Distance Checking Interval (ms): 389
Distance Checking Interval (ms): 522
Distance Checking Interval (ms): 160
Distance Checking Interval (ms): 296
Distance Checking Interval (ms): 286
Distance Checking Interval (ms): 234
Distance Checking Interval (ms): 121
Distance Checking Interval (ms): 153
Distance Checking Interval (ms): 478
Distance Checking Interval (ms): 294
Distance Checking Interval (ms): 180
Distance Checking Interval (ms): 437
Distance Checking Interval (ms): 279
Distance Checking Interval (ms): 216
Distance Checking Interval (ms): 203
Distance Checking Interval (ms): 217
Distance Checking Interval (ms): 123
Distance Checking Interval (ms): 147
Distance Checking Interval (ms): 244
Distance Checking Interval (ms): 161
Distance Checking Interval (ms): 106
Distance Checking Interval (ms): 411
Distance Checking Interval (ms): 310
Distance Checking Interval (ms): 161
Distance Checking Interval (ms): 256
Distance Checking Interval (ms): 195
Distance Checking Interval (ms): 162
Distance Checking Interval (ms): 260
Distance Checking Interval (ms): 539
Distance Checking Interval (ms): 161
Distance Checking Interval (ms): 364
Distance Checking Interval (ms): 230
Distance Checking Interval (ms): 211
Distance Checking Interval (ms): 385
Distance Checking Interval (ms): 453
Distance Checking Interval (ms): 308
Distance Checking Interval (ms): 478
Distance Checking Interval (ms): 151
Distance Checking Interval (ms): 100
Distance Checking Interval (ms): 472
Distance Checking Interval (ms): 444
Distance Checking Interval (ms): 166
Distance Checking Interval (ms): 119
Distance Checking Interval (ms): 584
Distance Checking Interval (ms): 148
Distance Checking Interval (ms): 197
Distance Checking Interval (ms): 240
Distance Checking Interval (ms): 105
Distance Checking Interval (ms): 162
Distance Checking Interval (ms): 152
Distance Checking Interval (ms): 102
Distance Checking Interval (ms): 176
Distance Checking Interval (ms): 107
Distance Checking Interval (ms): 282
Distance Checking Interval (ms): 127
Distance Checking Interval (ms): 203
Distance Checking Interval (ms): 149
Distance Checking Interval (ms): 341
Distance Checking Interval (ms): 186
Distance Checking Interval (ms): 297
Distance Checking Interval (ms): 489
Distance Checking Interval (ms): 151
Distance Checking Interval (ms): 196
Distance Checking Interval (ms): 284
Distance Checking Interval (ms): 336
Distance Checking Interval (ms): 177
Distance Checking Interval (ms): 446
Distance Checking Interval (ms): 198
Distance Checking Interval (ms): 408
Distance Checking Interval (ms): 211
Distance Checking Interval (ms): 345
Distance Checking Interval (ms): 305
Distance Checking Interval (ms): 326
Distance Checking Interval (ms): 122
Distance Checking Interval (ms): 177
Distance Checking Interval (ms): 225
Distance Checking Interval (ms): 285
Distance Checking Interval (ms): 264
Distance Checking Interval (ms): 180
Distance Checking Interval (ms): 135
Distance Checking Interval (ms): 318
Distance Checking Interval (ms): 198
Distance Checking Interval (ms): 145
Distance Checking Interval (ms): 133
Distance Checking Interval (ms): 146
Distance Checking Interval (ms): 310
Distance Checking Interval (ms): 565
Distance Checking Interval (ms): 257
Distance Checking Interval (ms): 277
Distance Checking Interval (ms): 280
Distance Checking Interval (ms): 255
Distance Checking Interval (ms): 121
Distance Checking Interval (ms): 154
Distance Checking Interval (ms): 471
Distance Checking Interval (ms): 221
Distance Checking Interval (ms): 272
Distance Checking Interval (ms): 492
Distance Checking Interval (ms): 552
Distance Checking Interval (ms): 251
